2017-11-07 18:44:19,761 DEBUG    root            Metrics collector initialized...
2017-11-07 18:44:19,764 DEBUG    root            Loaded Command Group: ['gcloud', 'components']
2017-11-07 18:44:19,767 DEBUG    root            Loaded Command Group: ['gcloud', 'components', 'list']
2017-11-07 18:44:19,770 DEBUG    root            Running [gcloud.components.list] with arguments: [--quiet: "True"]
2017-11-07 18:44:19,771 INFO     root            Display format "table[box,title="Components"](state.name:label=Status,name:label=Name,id:label=ID,size.size(zero="",min=1048576):label=Size:align=right)".
2017-11-07 18:44:20,005 INFO     ___FILE_ONLY___ 
Your current Cloud SDK version is: 177.0.0

2017-11-07 18:44:20,005 INFO     ___FILE_ONLY___ The latest available version is: 178.0.0

2017-11-07 18:44:20,006 INFO     ___FILE_ONLY___ 

2017-11-07 18:44:20,011 INFO     ___FILE_ONLY___ ┌────────────────────────────────────────────────────────────────────────────────────────────────────────────────┐
2017-11-07 18:44:20,011 INFO     ___FILE_ONLY___ 

2017-11-07 18:44:20,012 INFO     ___FILE_ONLY___ │                                                   Components                                                   │
2017-11-07 18:44:20,012 INFO     ___FILE_ONLY___ 

2017-11-07 18:44:20,012 INFO     ___FILE_ONLY___ ├──────────────────┬──────────────────────────────────────────────────────┬──────────────────────────┬───────────┤
2017-11-07 18:44:20,012 INFO     ___FILE_ONLY___ 

2017-11-07 18:44:20,012 INFO     ___FILE_ONLY___ │      Status      │                         Name                         │            ID            │    Size   │
2017-11-07 18:44:20,012 INFO     ___FILE_ONLY___ 

2017-11-07 18:44:20,012 INFO     ___FILE_ONLY___ ├──────────────────┼──────────────────────────────────────────────────────┼──────────────────────────┼───────────┤
2017-11-07 18:44:20,012 INFO     ___FILE_ONLY___ 

2017-11-07 18:44:20,012 INFO     ___FILE_ONLY___ │ 
2017-11-07 18:44:20,012 INFO     ___FILE_ONLY___ Update Available
2017-11-07 18:44:20,012 INFO     ___FILE_ONLY___  
2017-11-07 18:44:20,012 INFO     ___FILE_ONLY___ │ 
2017-11-07 18:44:20,013 INFO     ___FILE_ONLY___ BigQuery Command Line Tool                          
2017-11-07 18:44:20,013 INFO     ___FILE_ONLY___  
2017-11-07 18:44:20,013 INFO     ___FILE_ONLY___ │ 
2017-11-07 18:44:20,013 INFO     ___FILE_ONLY___ bq                      
2017-11-07 18:44:20,013 INFO     ___FILE_ONLY___  
2017-11-07 18:44:20,013 INFO     ___FILE_ONLY___ │ 
2017-11-07 18:44:20,013 INFO     ___FILE_ONLY___   < 1 MiB
2017-11-07 18:44:20,013 INFO     ___FILE_ONLY___  
2017-11-07 18:44:20,013 INFO     ___FILE_ONLY___ │
2017-11-07 18:44:20,013 INFO     ___FILE_ONLY___ 

2017-11-07 18:44:20,013 INFO     ___FILE_ONLY___ │ 
2017-11-07 18:44:20,013 INFO     ___FILE_ONLY___ Update Available
2017-11-07 18:44:20,013 INFO     ___FILE_ONLY___  
2017-11-07 18:44:20,013 INFO     ___FILE_ONLY___ │ 
2017-11-07 18:44:20,014 INFO     ___FILE_ONLY___ Cloud SDK Core Libraries                            
2017-11-07 18:44:20,014 INFO     ___FILE_ONLY___  
2017-11-07 18:44:20,014 INFO     ___FILE_ONLY___ │ 
2017-11-07 18:44:20,014 INFO     ___FILE_ONLY___ core                    
2017-11-07 18:44:20,014 INFO     ___FILE_ONLY___  
2017-11-07 18:44:20,014 INFO     ___FILE_ONLY___ │ 
2017-11-07 18:44:20,014 INFO     ___FILE_ONLY___   7.4 MiB
2017-11-07 18:44:20,015 INFO     ___FILE_ONLY___  
2017-11-07 18:44:20,015 INFO     ___FILE_ONLY___ │
2017-11-07 18:44:20,015 INFO     ___FILE_ONLY___ 

2017-11-07 18:44:20,015 INFO     ___FILE_ONLY___ │ 
2017-11-07 18:44:20,015 INFO     ___FILE_ONLY___ Update Available
2017-11-07 18:44:20,015 INFO     ___FILE_ONLY___  
2017-11-07 18:44:20,015 INFO     ___FILE_ONLY___ │ 
2017-11-07 18:44:20,015 INFO     ___FILE_ONLY___ Cloud Storage Command Line Tool                     
2017-11-07 18:44:20,015 INFO     ___FILE_ONLY___  
2017-11-07 18:44:20,015 INFO     ___FILE_ONLY___ │ 
2017-11-07 18:44:20,015 INFO     ___FILE_ONLY___ gsutil                  
2017-11-07 18:44:20,016 INFO     ___FILE_ONLY___  
2017-11-07 18:44:20,016 INFO     ___FILE_ONLY___ │ 
2017-11-07 18:44:20,016 INFO     ___FILE_ONLY___   3.3 MiB
2017-11-07 18:44:20,016 INFO     ___FILE_ONLY___  
2017-11-07 18:44:20,016 INFO     ___FILE_ONLY___ │
2017-11-07 18:44:20,016 INFO     ___FILE_ONLY___ 

2017-11-07 18:44:20,016 INFO     ___FILE_ONLY___ │ 
2017-11-07 18:44:20,016 INFO     ___FILE_ONLY___ Not Installed   
2017-11-07 18:44:20,016 INFO     ___FILE_ONLY___  
2017-11-07 18:44:20,016 INFO     ___FILE_ONLY___ │ 
2017-11-07 18:44:20,016 INFO     ___FILE_ONLY___ App Engine Go Extensions                            
2017-11-07 18:44:20,016 INFO     ___FILE_ONLY___  
2017-11-07 18:44:20,016 INFO     ___FILE_ONLY___ │ 
2017-11-07 18:44:20,016 INFO     ___FILE_ONLY___ app-engine-go           
2017-11-07 18:44:20,017 INFO     ___FILE_ONLY___  
2017-11-07 18:44:20,017 INFO     ___FILE_ONLY___ │ 
2017-11-07 18:44:20,017 INFO     ___FILE_ONLY___  97.7 MiB
2017-11-07 18:44:20,017 INFO     ___FILE_ONLY___  
2017-11-07 18:44:20,017 INFO     ___FILE_ONLY___ │
2017-11-07 18:44:20,017 INFO     ___FILE_ONLY___ 

2017-11-07 18:44:20,017 INFO     ___FILE_ONLY___ │ 
2017-11-07 18:44:20,017 INFO     ___FILE_ONLY___ Not Installed   
2017-11-07 18:44:20,017 INFO     ___FILE_ONLY___  
2017-11-07 18:44:20,017 INFO     ___FILE_ONLY___ │ 
2017-11-07 18:44:20,017 INFO     ___FILE_ONLY___ Cloud Bigtable Command Line Tool                    
2017-11-07 18:44:20,017 INFO     ___FILE_ONLY___  
2017-11-07 18:44:20,017 INFO     ___FILE_ONLY___ │ 
2017-11-07 18:44:20,017 INFO     ___FILE_ONLY___ cbt                     
2017-11-07 18:44:20,018 INFO     ___FILE_ONLY___  
2017-11-07 18:44:20,018 INFO     ___FILE_ONLY___ │ 
2017-11-07 18:44:20,018 INFO     ___FILE_ONLY___   4.0 MiB
2017-11-07 18:44:20,018 INFO     ___FILE_ONLY___  
2017-11-07 18:44:20,018 INFO     ___FILE_ONLY___ │
2017-11-07 18:44:20,018 INFO     ___FILE_ONLY___ 

2017-11-07 18:44:20,018 INFO     ___FILE_ONLY___ │ 
2017-11-07 18:44:20,018 INFO     ___FILE_ONLY___ Not Installed   
2017-11-07 18:44:20,018 INFO     ___FILE_ONLY___  
2017-11-07 18:44:20,018 INFO     ___FILE_ONLY___ │ 
2017-11-07 18:44:20,018 INFO     ___FILE_ONLY___ Cloud Bigtable Emulator                             
2017-11-07 18:44:20,018 INFO     ___FILE_ONLY___  
2017-11-07 18:44:20,018 INFO     ___FILE_ONLY___ │ 
2017-11-07 18:44:20,018 INFO     ___FILE_ONLY___ bigtable                
2017-11-07 18:44:20,019 INFO     ___FILE_ONLY___  
2017-11-07 18:44:20,019 INFO     ___FILE_ONLY___ │ 
2017-11-07 18:44:20,019 INFO     ___FILE_ONLY___   3.5 MiB
2017-11-07 18:44:20,019 INFO     ___FILE_ONLY___  
2017-11-07 18:44:20,019 INFO     ___FILE_ONLY___ │
2017-11-07 18:44:20,019 INFO     ___FILE_ONLY___ 

2017-11-07 18:44:20,019 INFO     ___FILE_ONLY___ │ 
2017-11-07 18:44:20,019 INFO     ___FILE_ONLY___ Not Installed   
2017-11-07 18:44:20,019 INFO     ___FILE_ONLY___  
2017-11-07 18:44:20,019 INFO     ___FILE_ONLY___ │ 
2017-11-07 18:44:20,019 INFO     ___FILE_ONLY___ Cloud Datalab Command Line Tool                     
2017-11-07 18:44:20,019 INFO     ___FILE_ONLY___  
2017-11-07 18:44:20,019 INFO     ___FILE_ONLY___ │ 
2017-11-07 18:44:20,019 INFO     ___FILE_ONLY___ datalab                 
2017-11-07 18:44:20,020 INFO     ___FILE_ONLY___  
2017-11-07 18:44:20,020 INFO     ___FILE_ONLY___ │ 
2017-11-07 18:44:20,020 INFO     ___FILE_ONLY___   < 1 MiB
2017-11-07 18:44:20,020 INFO     ___FILE_ONLY___  
2017-11-07 18:44:20,020 INFO     ___FILE_ONLY___ │
2017-11-07 18:44:20,020 INFO     ___FILE_ONLY___ 

2017-11-07 18:44:20,020 INFO     ___FILE_ONLY___ │ 
2017-11-07 18:44:20,020 INFO     ___FILE_ONLY___ Not Installed   
2017-11-07 18:44:20,020 INFO     ___FILE_ONLY___  
2017-11-07 18:44:20,020 INFO     ___FILE_ONLY___ │ 
2017-11-07 18:44:20,020 INFO     ___FILE_ONLY___ Cloud Datastore Emulator                            
2017-11-07 18:44:20,020 INFO     ___FILE_ONLY___  
2017-11-07 18:44:20,020 INFO     ___FILE_ONLY___ │ 
2017-11-07 18:44:20,021 INFO     ___FILE_ONLY___ cloud-datastore-emulator
2017-11-07 18:44:20,021 INFO     ___FILE_ONLY___  
2017-11-07 18:44:20,021 INFO     ___FILE_ONLY___ │ 
2017-11-07 18:44:20,021 INFO     ___FILE_ONLY___  17.7 MiB
2017-11-07 18:44:20,021 INFO     ___FILE_ONLY___  
2017-11-07 18:44:20,021 INFO     ___FILE_ONLY___ │
2017-11-07 18:44:20,021 INFO     ___FILE_ONLY___ 

2017-11-07 18:44:20,021 INFO     ___FILE_ONLY___ │ 
2017-11-07 18:44:20,021 INFO     ___FILE_ONLY___ Not Installed   
2017-11-07 18:44:20,021 INFO     ___FILE_ONLY___  
2017-11-07 18:44:20,021 INFO     ___FILE_ONLY___ │ 
2017-11-07 18:44:20,021 INFO     ___FILE_ONLY___ Cloud Datastore Emulator (Legacy)                   
2017-11-07 18:44:20,021 INFO     ___FILE_ONLY___  
2017-11-07 18:44:20,021 INFO     ___FILE_ONLY___ │ 
2017-11-07 18:44:20,022 INFO     ___FILE_ONLY___ gcd-emulator            
2017-11-07 18:44:20,022 INFO     ___FILE_ONLY___  
2017-11-07 18:44:20,022 INFO     ___FILE_ONLY___ │ 
2017-11-07 18:44:20,022 INFO     ___FILE_ONLY___  38.1 MiB
2017-11-07 18:44:20,022 INFO     ___FILE_ONLY___  
2017-11-07 18:44:20,022 INFO     ___FILE_ONLY___ │
2017-11-07 18:44:20,022 INFO     ___FILE_ONLY___ 

2017-11-07 18:44:20,022 INFO     ___FILE_ONLY___ │ 
2017-11-07 18:44:20,022 INFO     ___FILE_ONLY___ Not Installed   
2017-11-07 18:44:20,022 INFO     ___FILE_ONLY___  
2017-11-07 18:44:20,022 INFO     ___FILE_ONLY___ │ 
2017-11-07 18:44:20,022 INFO     ___FILE_ONLY___ Cloud Pub/Sub Emulator                              
2017-11-07 18:44:20,022 INFO     ___FILE_ONLY___  
2017-11-07 18:44:20,022 INFO     ___FILE_ONLY___ │ 
2017-11-07 18:44:20,023 INFO     ___FILE_ONLY___ pubsub-emulator         
2017-11-07 18:44:20,023 INFO     ___FILE_ONLY___  
2017-11-07 18:44:20,023 INFO     ___FILE_ONLY___ │ 
2017-11-07 18:44:20,023 INFO     ___FILE_ONLY___  33.2 MiB
2017-11-07 18:44:20,023 INFO     ___FILE_ONLY___  
2017-11-07 18:44:20,023 INFO     ___FILE_ONLY___ │
2017-11-07 18:44:20,023 INFO     ___FILE_ONLY___ 

2017-11-07 18:44:20,023 INFO     ___FILE_ONLY___ │ 
2017-11-07 18:44:20,023 INFO     ___FILE_ONLY___ Not Installed   
2017-11-07 18:44:20,023 INFO     ___FILE_ONLY___  
2017-11-07 18:44:20,023 INFO     ___FILE_ONLY___ │ 
2017-11-07 18:44:20,023 INFO     ___FILE_ONLY___ Emulator Reverse Proxy                              
2017-11-07 18:44:20,023 INFO     ___FILE_ONLY___  
2017-11-07 18:44:20,023 INFO     ___FILE_ONLY___ │ 
2017-11-07 18:44:20,024 INFO     ___FILE_ONLY___ emulator-reverse-proxy  
2017-11-07 18:44:20,024 INFO     ___FILE_ONLY___  
2017-11-07 18:44:20,024 INFO     ___FILE_ONLY___ │ 
2017-11-07 18:44:20,024 INFO     ___FILE_ONLY___  14.5 MiB
2017-11-07 18:44:20,024 INFO     ___FILE_ONLY___  
2017-11-07 18:44:20,024 INFO     ___FILE_ONLY___ │
2017-11-07 18:44:20,024 INFO     ___FILE_ONLY___ 

2017-11-07 18:44:20,024 INFO     ___FILE_ONLY___ │ 
2017-11-07 18:44:20,024 INFO     ___FILE_ONLY___ Not Installed   
2017-11-07 18:44:20,024 INFO     ___FILE_ONLY___  
2017-11-07 18:44:20,024 INFO     ___FILE_ONLY___ │ 
2017-11-07 18:44:20,024 INFO     ___FILE_ONLY___ Google Container Local Builder                      
2017-11-07 18:44:20,024 INFO     ___FILE_ONLY___  
2017-11-07 18:44:20,025 INFO     ___FILE_ONLY___ │ 
2017-11-07 18:44:20,025 INFO     ___FILE_ONLY___ container-builder-local 
2017-11-07 18:44:20,025 INFO     ___FILE_ONLY___  
2017-11-07 18:44:20,025 INFO     ___FILE_ONLY___ │ 
2017-11-07 18:44:20,025 INFO     ___FILE_ONLY___   3.7 MiB
2017-11-07 18:44:20,025 INFO     ___FILE_ONLY___  
2017-11-07 18:44:20,025 INFO     ___FILE_ONLY___ │
2017-11-07 18:44:20,025 INFO     ___FILE_ONLY___ 

2017-11-07 18:44:20,025 INFO     ___FILE_ONLY___ │ 
2017-11-07 18:44:20,025 INFO     ___FILE_ONLY___ Not Installed   
2017-11-07 18:44:20,025 INFO     ___FILE_ONLY___  
2017-11-07 18:44:20,025 INFO     ___FILE_ONLY___ │ 
2017-11-07 18:44:20,026 INFO     ___FILE_ONLY___ Google Container Registry's Docker credential helper
2017-11-07 18:44:20,026 INFO     ___FILE_ONLY___  
2017-11-07 18:44:20,026 INFO     ___FILE_ONLY___ │ 
2017-11-07 18:44:20,026 INFO     ___FILE_ONLY___ docker-credential-gcr   
2017-11-07 18:44:20,026 INFO     ___FILE_ONLY___  
2017-11-07 18:44:20,026 INFO     ___FILE_ONLY___ │ 
2017-11-07 18:44:20,026 INFO     ___FILE_ONLY___   2.2 MiB
2017-11-07 18:44:20,026 INFO     ___FILE_ONLY___  
2017-11-07 18:44:20,026 INFO     ___FILE_ONLY___ │
2017-11-07 18:44:20,026 INFO     ___FILE_ONLY___ 

2017-11-07 18:44:20,026 INFO     ___FILE_ONLY___ │ 
2017-11-07 18:44:20,026 INFO     ___FILE_ONLY___ Not Installed   
2017-11-07 18:44:20,026 INFO     ___FILE_ONLY___  
2017-11-07 18:44:20,027 INFO     ___FILE_ONLY___ │ 
2017-11-07 18:44:20,027 INFO     ___FILE_ONLY___ gcloud Alpha Commands                               
2017-11-07 18:44:20,027 INFO     ___FILE_ONLY___  
2017-11-07 18:44:20,027 INFO     ___FILE_ONLY___ │ 
2017-11-07 18:44:20,027 INFO     ___FILE_ONLY___ alpha                   
2017-11-07 18:44:20,027 INFO     ___FILE_ONLY___  
2017-11-07 18:44:20,027 INFO     ___FILE_ONLY___ │ 
2017-11-07 18:44:20,027 INFO     ___FILE_ONLY___   < 1 MiB
2017-11-07 18:44:20,027 INFO     ___FILE_ONLY___  
2017-11-07 18:44:20,027 INFO     ___FILE_ONLY___ │
2017-11-07 18:44:20,027 INFO     ___FILE_ONLY___ 

2017-11-07 18:44:20,027 INFO     ___FILE_ONLY___ │ 
2017-11-07 18:44:20,027 INFO     ___FILE_ONLY___ Not Installed   
2017-11-07 18:44:20,028 INFO     ___FILE_ONLY___  
2017-11-07 18:44:20,028 INFO     ___FILE_ONLY___ │ 
2017-11-07 18:44:20,028 INFO     ___FILE_ONLY___ gcloud Beta Commands                                
2017-11-07 18:44:20,028 INFO     ___FILE_ONLY___  
2017-11-07 18:44:20,028 INFO     ___FILE_ONLY___ │ 
2017-11-07 18:44:20,028 INFO     ___FILE_ONLY___ beta                    
2017-11-07 18:44:20,028 INFO     ___FILE_ONLY___  
2017-11-07 18:44:20,028 INFO     ___FILE_ONLY___ │ 
2017-11-07 18:44:20,028 INFO     ___FILE_ONLY___   < 1 MiB
2017-11-07 18:44:20,028 INFO     ___FILE_ONLY___  
2017-11-07 18:44:20,028 INFO     ___FILE_ONLY___ │
2017-11-07 18:44:20,028 INFO     ___FILE_ONLY___ 

2017-11-07 18:44:20,028 INFO     ___FILE_ONLY___ │ 
2017-11-07 18:44:20,028 INFO     ___FILE_ONLY___ Not Installed   
2017-11-07 18:44:20,029 INFO     ___FILE_ONLY___  
2017-11-07 18:44:20,029 INFO     ___FILE_ONLY___ │ 
2017-11-07 18:44:20,029 INFO     ___FILE_ONLY___ gcloud app Java Extensions                          
2017-11-07 18:44:20,029 INFO     ___FILE_ONLY___  
2017-11-07 18:44:20,029 INFO     ___FILE_ONLY___ │ 
2017-11-07 18:44:20,029 INFO     ___FILE_ONLY___ app-engine-java         
2017-11-07 18:44:20,029 INFO     ___FILE_ONLY___  
2017-11-07 18:44:20,029 INFO     ___FILE_ONLY___ │ 
2017-11-07 18:44:20,029 INFO     ___FILE_ONLY___ 116.0 MiB
2017-11-07 18:44:20,029 INFO     ___FILE_ONLY___  
2017-11-07 18:44:20,029 INFO     ___FILE_ONLY___ │
2017-11-07 18:44:20,029 INFO     ___FILE_ONLY___ 

2017-11-07 18:44:20,029 INFO     ___FILE_ONLY___ │ 
2017-11-07 18:44:20,030 INFO     ___FILE_ONLY___ Not Installed   
2017-11-07 18:44:20,030 INFO     ___FILE_ONLY___  
2017-11-07 18:44:20,030 INFO     ___FILE_ONLY___ │ 
2017-11-07 18:44:20,030 INFO     ___FILE_ONLY___ gcloud app PHP Extensions                           
2017-11-07 18:44:20,030 INFO     ___FILE_ONLY___  
2017-11-07 18:44:20,030 INFO     ___FILE_ONLY___ │ 
2017-11-07 18:44:20,030 INFO     ___FILE_ONLY___ app-engine-php          
2017-11-07 18:44:20,030 INFO     ___FILE_ONLY___  
2017-11-07 18:44:20,030 INFO     ___FILE_ONLY___ │ 
2017-11-07 18:44:20,030 INFO     ___FILE_ONLY___  21.9 MiB
2017-11-07 18:44:20,031 INFO     ___FILE_ONLY___  
2017-11-07 18:44:20,031 INFO     ___FILE_ONLY___ │
2017-11-07 18:44:20,031 INFO     ___FILE_ONLY___ 

2017-11-07 18:44:20,031 INFO     ___FILE_ONLY___ │ 
2017-11-07 18:44:20,031 INFO     ___FILE_ONLY___ Not Installed   
2017-11-07 18:44:20,031 INFO     ___FILE_ONLY___  
2017-11-07 18:44:20,031 INFO     ___FILE_ONLY___ │ 
2017-11-07 18:44:20,031 INFO     ___FILE_ONLY___ gcloud app Python Extensions                        
2017-11-07 18:44:20,031 INFO     ___FILE_ONLY___  
2017-11-07 18:44:20,031 INFO     ___FILE_ONLY___ │ 
2017-11-07 18:44:20,032 INFO     ___FILE_ONLY___ app-engine-python       
2017-11-07 18:44:20,032 INFO     ___FILE_ONLY___  
2017-11-07 18:44:20,032 INFO     ___FILE_ONLY___ │ 
2017-11-07 18:44:20,032 INFO     ___FILE_ONLY___   6.2 MiB
2017-11-07 18:44:20,032 INFO     ___FILE_ONLY___  
2017-11-07 18:44:20,032 INFO     ___FILE_ONLY___ │
2017-11-07 18:44:20,032 INFO     ___FILE_ONLY___ 

2017-11-07 18:44:20,032 INFO     ___FILE_ONLY___ │ 
2017-11-07 18:44:20,033 INFO     ___FILE_ONLY___ Not Installed   
2017-11-07 18:44:20,033 INFO     ___FILE_ONLY___  
2017-11-07 18:44:20,033 INFO     ___FILE_ONLY___ │ 
2017-11-07 18:44:20,033 INFO     ___FILE_ONLY___ kubectl                                             
2017-11-07 18:44:20,033 INFO     ___FILE_ONLY___  
2017-11-07 18:44:20,033 INFO     ___FILE_ONLY___ │ 
2017-11-07 18:44:20,033 INFO     ___FILE_ONLY___ kubectl                 
2017-11-07 18:44:20,033 INFO     ___FILE_ONLY___  
2017-11-07 18:44:20,033 INFO     ___FILE_ONLY___ │ 
2017-11-07 18:44:20,033 INFO     ___FILE_ONLY___  12.2 MiB
2017-11-07 18:44:20,033 INFO     ___FILE_ONLY___  
2017-11-07 18:44:20,033 INFO     ___FILE_ONLY___ │
2017-11-07 18:44:20,033 INFO     ___FILE_ONLY___ 

2017-11-07 18:44:20,033 INFO     ___FILE_ONLY___ └──────────────────┴──────────────────────────────────────────────────────┴──────────────────────────┴───────────┘
2017-11-07 18:44:20,033 INFO     ___FILE_ONLY___ 

2017-11-07 18:44:20,034 INFO     ___FILE_ONLY___ To install or remove components at your current SDK version [177.0.0], run:
  $ gcloud components install COMPONENT_ID
  $ gcloud components remove COMPONENT_ID

To update your SDK installation to the latest version [178.0.0], run:
  $ gcloud components update


2017-11-07 18:44:20,062 DEBUG    root            Metrics reporting process started...
